# JRE version: Java(TM) SE Runtime Environment (17.0.9+11) (build 17.0.9+11-LTS-201)
# Java VM: Java HotSpot(TM) 64-Bit Server VM (17.0.9+11-LTS-201, mixed mode, emulated-client, sharing, tiered, compressed oops, compressed class ptrs, g1 gc, windows-amd64)
GC Precious Log:
 CPUs: 12 total, 12 available
 Memory: 7933M
 Large Page Support: Disabled
 NUMA Support: Disabled
 Compressed Oops: Enabled (32-bit)
 Heap Region Size: 1M
 Heap Min Capacity: 8M
 Heap Initial Capacity: 124M
 Heap Max Capacity: 1984M
 Pre-touch: Disabled
 Parallel Workers: 10
 Concurrent Workers: 3
 Concurrent Refinement Workers: 10
 Periodic GC: Disabled
Heap:
 garbage-first heap   total 285696K, used 81333K [0x0000000084000000, 0x0000000100000000)
  region size 1024K, 2 young (2048K), 2 survivors (2048K)
 Metaspace       used 40427K, committed 41024K, reserved 1114112K
  class space    used 5986K, committed 6272K, reserved 1048576K
GC Heap History (20 events):
Event: 0.822 GC heap after
{Heap after GC invocations=2 (full 0):
 garbage-first heap   total 126976K, used 24576K [0x0000000084000000, 0x0000000100000000)
  region size 1024K, 3 young (3072K), 3 survivors (3072K)
 Metaspace       used 3315K, committed 3520K, reserved 1114112K
  class space    used 397K, committed 512K, reserved 1048576K
}
Event: 0.893 GC heap before
{Heap before GC invocations=2 (full 0):
 garbage-first heap   total 126976K, used 44032K [0x0000000084000000, 0x0000000100000000)
  region size 1024K, 23 young (23552K), 3 survivors (3072K)
 Metaspace       used 3315K, committed 3520K, reserved 1114112K
  class space    used 397K, committed 512K, reserved 1048576K
}
Event: 0.915 GC heap after
{Heap after GC invocations=3 (full 0):
 garbage-first heap   total 126976K, used 29696K [0x0000000084000000, 0x0000000100000000)
  region size 1024K, 3 young (3072K), 3 survivors (3072K)
 Metaspace       used 3315K, committed 3520K, reserved 1114112K
  class space    used 397K, committed 512K, reserved 1048576K
}
Event: 1.019 GC heap before
{Heap before GC invocations=3 (full 0):
 garbage-first heap   total 126976K, used 65536K [0x0000000084000000, 0x0000000100000000)
  region size 1024K, 36 young (36864K), 3 survivors (3072K)
 Metaspace       used 3398K, committed 3584K, reserved 1114112K
  class space    used 409K, committed 512K, reserved 1048576K
}
Event: 1.040 GC heap after
{Heap after GC invocations=4 (full 0):
 garbage-first heap   total 126976K, used 44032K [0x0000000084000000, 0x0000000100000000)
  region size 1024K, 5 young (5120K), 5 survivors (5120K)
 Metaspace       used 3398K, committed 3584K, reserved 1114112K
  class space    used 409K, committed 512K, reserved 1048576K
}
Event: 1.362 GC heap before
{Heap before GC invocations=4 (full 0):
 garbage-first heap   total 126976K, used 75776K [0x0000000084000000, 0x0000000100000000)
  region size 1024K, 36 young (36864K), 5 survivors (5120K)
 Metaspace       used 7933K, committed 8192K, reserved 1114112K
  class space    used 1046K, committed 1152K, reserved 1048576K
}
Event: 1.372 GC heap after
{Heap after GC invocations=5 (full 0):
 garbage-first heap   total 285696K, used 50022K [0x0000000084000000, 0x0000000100000000)
  region size 1024K, 5 young (5120K), 5 survivors (5120K)
 Metaspace       used 7933K, committed 8192K, reserved 1114112K
  class space    used 1046K, committed 1152K, reserved 1048576K
}
Event: 1.861 GC heap before
{Heap before GC invocations=5 (full 0):
 garbage-first heap   total 285696K, used 111462K [0x0000000084000000, 0x0000000100000000)
  region size 1024K, 66 young (67584K), 5 survivors (5120K)
 Metaspace       used 14720K, committed 15040K, reserved 1114112K
  class space    used 1982K, committed 2112K, reserved 1048576K
}
Event: 1.868 GC heap after
{Heap after GC invocations=6 (full 0):
 garbage-first heap   total 285696K, used 55784K [0x0000000084000000, 0x0000000100000000)
  region size 1024K, 5 young (5120K), 5 survivors (5120K)
 Metaspace       used 14720K, committed 15040K, reserved 1114112K
  class space    used 1982K, committed 2112K, reserved 1048576K
}
Event: 2.234 GC heap before
{Heap before GC invocations=6 (full 0):
 garbage-first heap   total 285696K, used 135656K [0x0000000084000000, 0x0000000100000000)
  region size 1024K, 85 young (87040K), 5 survivors (5120K)
 Metaspace       used 21130K, committed 21504K, reserved 1114112K
  class space    used 2868K, committed 3072K, reserved 1048576K
}
Event: 2.241 GC heap after
{Heap after GC invocations=7 (full 0):
 garbage-first heap   total 285696K, used 62202K [0x0000000084000000, 0x0000000100000000)
  region size 1024K, 12 young (12288K), 12 survivors (12288K)
 Metaspace       used 21130K, committed 21504K, reserved 1114112K
  class space    used 2868K, committed 3072K, reserved 1048576K
}
Event: 2.656 GC heap before
{Heap before GC invocations=8 (full 0):
 garbage-first heap   total 204800K, used 175866K [0x0000000084000000, 0x0000000100000000)
  region size 1024K, 130 young (133120K), 12 survivors (12288K)
 Metaspace       used 31135K, committed 31552K, reserved 1114112K
  class space    used 4185K, committed 4352K, reserved 1048576K
}
Event: 2.666 GC heap after
{Heap after GC invocations=9 (full 0):
 garbage-first heap   total 204800K, used 62494K [0x0000000084000000, 0x0000000100000000)
  region size 1024K, 13 young (13312K), 13 survivors (13312K)
 Metaspace       used 31135K, committed 31552K, reserved 1114112K
  class space    used 4185K, committed 4352K, reserved 1048576K
}
Event: 2.670 GC heap before
{Heap before GC invocations=9 (full 0):
 garbage-first heap   total 204800K, used 63518K [0x0000000084000000, 0x0000000100000000)
  region size 1024K, 14 young (14336K), 13 survivors (13312K)
 Metaspace       used 31180K, committed 31616K, reserved 1114112K
  class space    used 4188K, committed 4352K, reserved 1048576K
}
Event: 2.677 GC heap after
{Heap after GC invocations=10 (full 0):
 garbage-first heap   total 204800K, used 62804K [0x0000000084000000, 0x0000000100000000)
  region size 1024K, 2 young (2048K), 2 survivors (2048K)
 Metaspace       used 31180K, committed 31616K, reserved 1114112K
  class space    used 4188K, committed 4352K, reserved 1048576K
}
Event: 2.786 GC heap before
{Heap before GC invocations=10 (full 0):
 garbage-first heap   total 204800K, used 155988K [0x0000000084000000, 0x0000000100000000)
  region size 1024K, 93 young (95232K), 2 survivors (2048K)
 Metaspace       used 32941K, committed 33536K, reserved 1114112K
  class space    used 4624K, committed 4928K, reserved 1048576K
}
Event: 2.791 GC heap after
{Heap after GC invocations=11 (full 0):
 garbage-first heap   total 204800K, used 74687K [0x0000000084000000, 0x0000000100000000)
  region size 1024K, 12 young (12288K), 12 survivors (12288K)
 Metaspace       used 32941K, committed 33536K, reserved 1114112K
  class space    used 4624K, committed 4928K, reserved 1048576K
}
Event: 3.143 GC heap before
{Heap before GC invocations=12 (full 0):
 garbage-first heap   total 204800K, used 156607K [0x0000000084000000, 0x0000000100000000)
  region size 1024K, 93 young (95232K), 12 survivors (12288K)
 Metaspace       used 40310K, committed 40896K, reserved 1114112K
  class space    used 5971K, committed 6272K, reserved 1048576K
}
Event: 3.151 GC heap after
{Heap after GC invocations=13 (full 0):
 garbage-first heap   total 204800K, used 81721K [0x0000000084000000, 0x0000000100000000)
  region size 1024K, 8 young (8192K), 8 survivors (8192K)
 Metaspace       used 40310K, committed 40896K, reserved 1114112K
  class space    used 5971K, committed 6272K, reserved 1048576K
}
Event: 3.163 GC heap before
{Heap before GC invocations=13 (full 0):
 garbage-first heap   total 204800K, used 82745K [0x0000000084000000, 0x0000000100000000)
  region size 1024K, 10 young (10240K), 8 survivors (8192K)
 Metaspace       used 40427K, committed 41024K, reserved 1114112K
  class space    used 5986K, committed 6272K, reserved 1048576K
}

